
****************************************************************
****************************************************************
**                                                            **
**                                                            **
**        CCC     OO      SSS    M    M     OO      SSS       **
**       C       O  O    S       MM  MM    O  O    S          **
**       C       O  O     SS     M MM M    O  O     SS        **
**       C       O  O       S    M    M    O  O       S       **
**        CCC     OO     SSS     M    M     OO     SSS        **
**                                                            **
**                                                            **
**                   Simulations  V2022-PR1                   **
**                 SOLIDWORKS Premium Package                 **
**           Distributed By: SOLIDWORKS Corporation           **
**               6320 Canoga Avenue, Suite 300                **
**               Woodland Hills, California 91367             **
**               Telephone Number (818)673-2200               **
**         Copyright 1988-2018 SOLIDWORKS Corporation         **
**                                                            **
****************************************************************
****************************************************************

Problem name: C:\Users\arthu\Documents\GitHub\trainee-
Date        : 01/09/2024     Time:   22:38:42


 SYSTEM OF UNITS:
 International System of Units, SI, is used for all input/output data.
 Common Quantities:
 Length:meter, Mass:kilogram, Time:second, Temperature:kelvin
 Force:newton, Pressure also stress:pascal, Energy:joule, Power:watt

 NUMBER OF PHYSICAL CORES USED TO RUN SIMULATION: 12

  C O N T R O L  I N F O R M A T I O N                  

   CURRENT RESTRAINT SET . . . . . . . . . . . (BC_SET)  =           1

   NUMBER OF LOAD CASES  . . . . . . . . . . . (NLCASE)  =           1
   SOLUTION MODE . . . . . . . . . . . . . . . (MODEX)   =           0
      EQ. 0, STATIC ANALYSIS                              
      EQ. 1, BUCKLING ANALYSIS                            
      EQ. 2, DYNAMIC ANALYSIS                             
      EQ. 3, DROP TEST                                    

   SOLVER TYPE . . . . . . . . . . . . . . . . .(ISOL)   =           5
      EQ. 0, DIRECT SPARSE SOLVER                         
      EQ. 1, DIRECT SKYLINE SOLVER                        
      EQ. 2, ITERATIVE SOLVER                             
      EQ. 3, EXPLICIT INTEGRATION                         
      EQ. 4, LARGE PROBLEM DIRECT SPARSE SOLVER           
      EQ. 5, INTEL DIRECT SPARSE SOLVER                   
      EQ. 6, INTEL NETWORK SPARSE SOLVER                  

   THERMAL LOADING FLAG . . . . . . . . . . . .(ITHERM)  =           0
      EQ. 0, NO THERMAL EFFECTS CONSIDERED                
      EQ. 1, ADD TEMPERATURE EFFECT                       
   GRAVITY LOADING FLAG . . . . . . . . . . . .(IGRAV)   =           0
      EQ. 0, NO GRAVITY LOADING CONSIDERED                
      EQ. 1, ADD GRAVITY LOADING EFFECT                   
   CENTRIFUGAL LOADING FLAG . . . . . . . . . .(ICNTRF)  =           0
      EQ. 0, NO CENTRIFUGAL LOADING CONSIDERED            
      EQ. 1, ADD CENTRIFUGAL LOADING EFFECT               
   IN-PLANE STIFFENING FLAG . . . . . . . . . .(INPLN)   =           0
      EQ. 0, NO IN-PLANE EFFECTS CONSIDERED               
      EQ. 1, IN-PLANE EFFECTS CONSIDERED                  
   SOFT SPRING ADDITION FLAG . . . . . . . . . (ISOFT)   =           0
      EQ. 0, NO SOFT SPRING OPTION                        
      EQ. 1, SOFT SPRING ADDED                            

   SAVE DECOMPOSED STIFFNESS MATRIX FLAG . . . (ISAVK)   =           0
      EQ. 0, DO NOT SAVE DECOMPOSED K                     
      EQ. 1, SAVE DECOMPOSED K                            
   FORM STIFFNESS MATRIX FLAG . . . . . . . . .(IFORMK)  =           0
      EQ. 0, FORM STIFFNESS MATRIX                        
      EQ. 1, USE EXISTING DECOMPOSED STIFFNESS MATRIX     

   SPIN SOFTENING FLAG . . . . . . . . . . . . (ISPIN)   =           0
      EQ. 0, NO SPIN SOFTENING EFFECTS CONSIDERED         
      EQ. 1, SPIN SOFTENING EFFECTS CONSIDERED            
   INERTIA RELIEF FLAG  . . . . . . . . . . . .(IFORMK)  =           0
      EQ. 0, NO INERITA RELIEF EFFECTS CONSIDERED         
      EQ. 1, INERITA RELIEF EFFECTS CONSIDERED            
   RIGID CONNECTIONS FLAG  . . . . . . . . . . (IRIGID)  =           0
      EQ. 0, HINGE CONNECTIONS BETWEEN SOLIDS & SHELLS    
      EQ. 1, RIGID CONNECTIONS BETWEEN SOLIDS & SHELLS    


  T O T A L  S Y S T E M  D A T A                        
   NUMBER OF EQUATIONS . . . . . . . . . . . . . .(NEQ)  =       21540
   MEAN HALF BANDWIDTH . . . . . . . . . . . . . .(MM )  =          49
   NUMBER OF ELEMENTS. . . . . . . . . . . . . . .(NUME) =        1690
   NUMBER OF NODAL POINTS. . . . . . . . . . . . .(NUMNP)=        3746

   ORIGINAL NO. OF MATRIX ELEMENTS . . . . . . . .(NWK)  =      223920




************************************************************************
    D I S P L A C E M E N T     P R I N T O U T    (LOAD CASE     1)
************************************************************************




************************************************************************
    D I S P L A C E M E N T     P R I N T O U T    (LOAD CASE     1)
************************************************************************


  STATUS OF THERMAL EFFECTS FOR THIS LOAD CASE:
  ---------------------------------------------

    - Thermal flag is off (no thermal effect)



  S O L U T I O N   T I M E   L O G   I N   S E C
            FOR PROBLEM
     TIME FOR INPUT PHASE  . . . . . . . . . . . . . . =       0
     TIME FOR CALCULATION OF STRUCTURE STIFFNESS MATRIX=       0
     TIME FOR INTEL DIRECT SPARSE SOLVER . . . . . . . =       0

     TIME FOR LCP CONTACT (AND/OR LRG DISP) OPERATIONS (Prep) . . =       3
     ***** ITERATION NUMBER ***** . . . . . . . . =       1
     TIME FOR CALCULATION OF STRUCTURE STIFFNESS MATRIX . . . . . =     112
     TIME FOR INTEL DIRECT SPARSE SOLVER . . . . . . . . . . . . .=      42
     TIME FOR LCP CONTACT(AND/OR LRG DISP) OPERATIONS(Convrg chk) =       1

     ***** ITERATION NUMBER ***** . . . . . . . . =       2
     TIME FOR CALCULATION OF STRUCTURE STIFFNESS MATRIX . . . . . =     116
     TIME FOR INTEL DIRECT SPARSE SOLVER . . . . . . . . . . . . .=      47
     TIME FOR LCP CONTACT(AND/OR LRG DISP) OPERATIONS(Convrg chk) =       0


   LOAD FACTOR =   0.2000E+00
   ***************************


 TOTAL STRAIN ENERGY. . . . . . . . . . . =  0.102323E-01

             D I S P L A C E M E N T S

     NODE X-DISPL.     Y-DISPL.     Z-DISPL.     XX-ROT.      YY-ROT.      ZZ-ROT.


 MINIMUM/MAXIMUM DISPLACEMENTS

  NODE        37         1424           37           16           33         2158
  MIN.  -2.20575E-05 -1.44328E-08 -1.72924E-03 -2.57699E-03 -1.86963E-04 -1.72193E-05

  NODE       873         1448         2381           17         3069           65
  MAX.   3.89141E-09  1.44628E-08  1.28355E-06  2.57657E-03  3.01075E-02  1.71758E-05

 MAXIMUM RESULTANT DISPLACEMENT

  NODE        37
  MAX.   1.72938E-03


         R E A C T I O N   F O R C E

  TOTAL   CSYS         FX             FY             FZ             MX             MY             MZ
           0       -.4084E-05     0.5068E-06      16.00         -.3894          0.000         0.2184E-03

 TOTAL STRAIN ENERGY. . . . . . . . . . . =  0.102300E-01



********************************************************************************
 MAXIMUM NODAL VON MISES STRESS & ERROR ESTIMATE FOR LOAD CASE   1
********************************************************************************

  NODE      1217
  MAX.     0.10370E+09
     TIME FOR LCP CONTACT (AND/OR LRG DISP) OPERATIONS (Results) .=     165

     TIME FOR LCP CONTACT (AND/OR LRG DISP) OPERATIONS (Prep) . . =       0
     TIME FOR CALCULATION OF STRUCTURE STIFFNESS MATRIX . . . . . =      91
     TIME FOR INTEL DIRECT SPARSE SOLVER . . . . . . . . . . . . .=      47
     TIME FOR LCP CONTACT(AND/OR LRG DISP) OPERATIONS(Convrg chk) =       0

     ***** ITERATION NUMBER ***** . . . . . . . . =       1
     TIME FOR CALCULATION OF STRUCTURE STIFFNESS MATRIX . . . . . =     114
     TIME FOR INTEL DIRECT SPARSE SOLVER . . . . . . . . . . . . .=      42
     TIME FOR LCP CONTACT(AND/OR LRG DISP) OPERATIONS(Convrg chk) =       0

     ***** ITERATION NUMBER ***** . . . . . . . . =       2
     TIME FOR CALCULATION OF STRUCTURE STIFFNESS MATRIX . . . . . =     112
     TIME FOR INTEL DIRECT SPARSE SOLVER . . . . . . . . . . . . .=      44
     TIME FOR LCP CONTACT(AND/OR LRG DISP) OPERATIONS(Convrg chk) =       0

     ***** ITERATION NUMBER ***** . . . . . . . . =       3
     TIME FOR CALCULATION OF STRUCTURE STIFFNESS MATRIX . . . . . =     119
     TIME FOR INTEL DIRECT SPARSE SOLVER . . . . . . . . . . . . .=      44
     TIME FOR LCP CONTACT(AND/OR LRG DISP) OPERATIONS(Convrg chk) =       0

     ***** ITERATION NUMBER ***** . . . . . . . . =       4
     TIME FOR CALCULATION OF STRUCTURE STIFFNESS MATRIX . . . . . =     112
     TIME FOR INTEL DIRECT SPARSE SOLVER . . . . . . . . . . . . .=      44
     TIME FOR LCP CONTACT(AND/OR LRG DISP) OPERATIONS(Convrg chk) =       0


   LOAD FACTOR =   0.7000E+00
   ***************************


 TOTAL STRAIN ENERGY. . . . . . . . . . . =  0.124719E+00

             D I S P L A C E M E N T S

     NODE X-DISPL.     Y-DISPL.     Z-DISPL.     XX-ROT.      YY-ROT.      ZZ-ROT.


 MINIMUM/MAXIMUM DISPLACEMENTS

  NODE        37         1424           37           16           33         2158
  MIN.  -2.67910E-04 -1.69324E-07 -6.02107E-03 -8.95071E-03 -6.58399E-04 -2.04937E-04

  NODE       873         1448         2381           17          346           65
  MAX.   4.64099E-08  1.69477E-07  4.52615E-06  8.94814E-03  0.10496      2.04695E-04

 MAXIMUM RESULTANT DISPLACEMENT

  NODE        37
  MAX.   6.02702E-03


         R E A C T I O N   F O R C E

  TOTAL   CSYS         FX             FY             FZ             MX             MY             MZ
           0       0.6757E-06     0.1444E-06      56.00         -1.358          0.000         0.7719E-03

 TOTAL STRAIN ENERGY. . . . . . . . . . . =  0.124379E+00



********************************************************************************
 MAXIMUM NODAL VON MISES STRESS & ERROR ESTIMATE FOR LOAD CASE   1
********************************************************************************

  NODE      1217
  MAX.     0.36416E+09
     TIME FOR LCP CONTACT (AND/OR LRG DISP) OPERATIONS (Results) .=     162

     TIME FOR LCP CONTACT (AND/OR LRG DISP) OPERATIONS (Prep) . . =       0
     TIME FOR CALCULATION OF STRUCTURE STIFFNESS MATRIX . . . . . =      90
     TIME FOR INTEL DIRECT SPARSE SOLVER . . . . . . . . . . . . .=      42
     TIME FOR LCP CONTACT(AND/OR LRG DISP) OPERATIONS(Convrg chk) =       0

     ***** ITERATION NUMBER ***** . . . . . . . . =       1
     TIME FOR CALCULATION OF STRUCTURE STIFFNESS MATRIX . . . . . =     115
     TIME FOR INTEL DIRECT SPARSE SOLVER . . . . . . . . . . . . .=      43
     TIME FOR LCP CONTACT(AND/OR LRG DISP) OPERATIONS(Convrg chk) =       0

     ***** ITERATION NUMBER ***** . . . . . . . . =       2
     TIME FOR CALCULATION OF STRUCTURE STIFFNESS MATRIX . . . . . =     117
     TIME FOR INTEL DIRECT SPARSE SOLVER . . . . . . . . . . . . .=      46
     TIME FOR LCP CONTACT(AND/OR LRG DISP) OPERATIONS(Convrg chk) =       0

     ***** ITERATION NUMBER ***** . . . . . . . . =       3
     TIME FOR CALCULATION OF STRUCTURE STIFFNESS MATRIX . . . . . =     114
     TIME FOR INTEL DIRECT SPARSE SOLVER . . . . . . . . . . . . .=      41
     TIME FOR LCP CONTACT(AND/OR LRG DISP) OPERATIONS(Convrg chk) =       0


   LOAD FACTOR =   0.1000E+01
   ***************************


 TOTAL STRAIN ENERGY. . . . . . . . . . . =  0.253114E+00

             D I S P L A C E M E N T S

     NODE X-DISPL.     Y-DISPL.     Z-DISPL.     XX-ROT.      YY-ROT.      ZZ-ROT.


 MINIMUM/MAXIMUM DISPLACEMENTS

  NODE        37         1424           37           16           33         2158
  MIN.  -5.41593E-04 -3.29433E-07 -8.55209E-03 -1.26811E-02 -9.46488E-04 -4.07633E-04

  NODE       873         1448         2381           17          346         2422
  MAX.   9.19754E-08  3.29255E-07  6.51574E-06  1.26757E-02  0.14928      4.07606E-04

 MAXIMUM RESULTANT DISPLACEMENT

  NODE        37
  MAX.   8.56922E-03


         R E A C T I O N   F O R C E

  TOTAL   CSYS         FX             FY             FZ             MX             MY             MZ
           0       -.5650E-05     0.7823E-07      80.00         -1.932          0.000         0.1124E-02

 TOTAL STRAIN ENERGY. . . . . . . . . . . =  0.251720E+00



********************************************************************************
 MAXIMUM NODAL VON MISES STRESS & ERROR ESTIMATE FOR LOAD CASE   1
********************************************************************************

  NODE      1217
  MAX.     0.52101E+09



   E R R O R    E S T I M A T I O N
   (for requested elements)

   Total Strain Energy (TSE)        =  0.251720E+00
   Total Error Energy (TEE)         =  0.224281E-02
   Ave. Percentage Error (APE)      =  0.665974E+01
     ( APE =  sqrt (TEE/(TSE*2. + TEE)) * 100. )
     TIME FOR LCP CONTACT (AND/OR LRG DISP) OPERATIONS (Results) .=     155




********************************************************************************
   MFLOP Rate of Matrix Decomposition . . . . . . . (MF/Sec)=       0.0
********************************************************************************


                             S O L U T I O N    T I M E   L O G    I N    S E C O N D S
  DEFINITIONS
     INP_PHASE=TIME FOR INPUT PHASE
     STF_PHASE=TIME FOR CALCULATION OF STRUCTURE STIFFNESS MATRIX
     REN_PHASE=TIME FOR REORDERING EQUATIONS
     SOL_PHASE=TIME FOR INTEL DIRECT SPARSE SOLUTION
     CNT_PHASE=TIME FOR LCP CONTACT (AND/OR LRG DISP) OPERATIONS
     REC_PHASE=TIME FOR REACTION FORCE & DISP UPDATE TO POST
     STS_PHASE=TIME FOR STRESS CALCULATION
     LCS_PHASE=TIME FOR LOAD CASE SOLUTIONS
     TOT_TIME =TOTAL SOLUTION TIME

          INP_PHASE STF_PHASE REN_PHASE SOL_PHASE CNT_PHASE REC_PHASE STS_PHASE LCS_PHASE  TOT_TIME 
                  0         1         0         0         0         0         0         0         2
                                                      (   0: 0: 2)



